[info.ngohoanganhtuan.com/index.html]
[backblue.gif]
[fade.gif]
[index.html]
[i.imgur.com/cZU9Kae.png]
[i.imgur.com/e7CkcYL.png]
[i.imgur.com/gllkRMx.png]
[i.imgur.com/yuzjIkC.png]
[i.imgur.com/M7ALJXq.png]
[i.imgur.com/5tAbm83.png]
[i.imgur.com/czqXYbf.png]
[i.imgur.com/9c7dj5j.png]
[i.imgur.com/n152L1I.png]
[i.imgur.com/s7U5Qsk.png]
[i.imgur.com/ILepPiw.png]
[i.imgur.com/2UjNJX5.png]
[ajax.googleapis.com/ajax/libs/jquery/3.1.1/jquery.min.js]
[i.imgur.com/5v5M8gh.png]
[i.imgur.com/IXULuQ1.png]
[i.imgur.com/kYPETub.jpg]
[i.imgur.com/qzPjQSH.jpg]
[cdnjs.cloudflare.com/ajax/libs/countup.js/1.9.3/countUp.min.js]
[info.ngohoanganhtuan.com/index.html]
[info.ngohoanganhtuan.com/feeds/posts/default/indexadda.html]
